[0201/161746:ERROR:process_info.cc(608)] range at 0xc84a2c7000000000, size 0x1c2 fully unreadable
[0201/161746:ERROR:process_info.cc(608)] range at 0xc84a2c9000000000, size 0x1c2 fully unreadable
[0201/161746:ERROR:process_info.cc(608)] range at 0x0, size 0x1c2 fully unreadable
[0201/161746:WARNING:in_range_cast.h(38)] value 1936095582260 out of range
[0201/161746:WARNING:in_range_cast.h(38)] value 1936095579602 out of range
[0201/161746:WARNING:in_range_cast.h(38)] value 1936095580072 out of range
[0201/161746:WARNING:in_range_cast.h(38)] value 108084205055182070 out of range
[0201/161914:ERROR:process_info.cc(608)] range at 0x3d862c7200000000, size 0x22b fully unreadable
[0201/161914:ERROR:process_info.cc(608)] range at 0x3d862c9200000000, size 0x22b fully unreadable
[0201/161914:ERROR:process_info.cc(608)] range at 0x0, size 0x22b fully unreadable
[0201/161914:WARNING:in_range_cast.h(38)] value 2384739047476 out of range
[0201/161914:WARNING:in_range_cast.h(38)] value 2384739044818 out of range
[0201/161914:WARNING:in_range_cast.h(38)] value 2384739045288 out of range
[0201/161914:WARNING:in_range_cast.h(38)] value 108084205055182070 out of range
[0201/175637:ERROR:process_info.cc(608)] range at 0xb9262d3000000000, size 0x210 fully unreadable
[0201/175637:ERROR:process_info.cc(608)] range at 0xb9262d5000000000, size 0x210 fully unreadable
[0201/175637:ERROR:process_info.cc(608)] range at 0x0, size 0x210 fully unreadable
[0201/175637:WARNING:in_range_cast.h(38)] value 2270849014006 out of range
[0201/175637:WARNING:in_range_cast.h(38)] value 2270849011348 out of range
[0201/175637:WARNING:in_range_cast.h(38)] value 2270849011818 out of range
[0201/175637:WARNING:in_range_cast.h(38)] value 108084205055182070 out of range
[0202/103706:ERROR:process_info.cc(608)] range at 0xbc52c7400000000, size 0x213 fully unreadable
[0202/103706:ERROR:process_info.cc(608)] range at 0xbc52c9400000000, size 0x213 fully unreadable
[0202/103706:ERROR:process_info.cc(608)] range at 0x0, size 0x213 fully unreadable
[0202/103706:WARNING:in_range_cast.h(38)] value 2280825100340 out of range
[0202/103706:WARNING:in_range_cast.h(38)] value 2280825097682 out of range
[0202/103706:WARNING:in_range_cast.h(38)] value 2280825098152 out of range
[0202/103706:WARNING:in_range_cast.h(38)] value 108084205055182070 out of range
[0614/111659.583:ERROR:process_info.cc(625)] range at 0xb80a2fbe00000000, size 0x1ed fully unreadable
[0614/111659.585:ERROR:process_info.cc(625)] range at 0xb80a2fde00000000, size 0x1ed fully unreadable
[0614/111659.585:ERROR:process_info.cc(625)] range at 0x0, size 0x1ed fully unreadable
[0614/111659.617:ERROR:file_io_win.cc(145)] CreateFile C:\Users\bigdrop\AppData\Local\Temp\scoped_dir3700_6246\Crashpad\settings.dat: The system cannot find the path specified. (0x3)
[0614/111659.618:ERROR:file_io_win.cc(154)] CreateFile C:\Users\bigdrop\AppData\Local\Temp\scoped_dir3700_6246\Crashpad\reports\2bfb74db-8cbd-4eec-aadf-aa90f9d05ec6.dmp: The system cannot find the path specified. (0x3)
[0614/111659.618:ERROR:crash_report_exception_handler.cc(95)] PrepareNewCrashReport failed
